<?xml version="1.0" encoding="UTF-8"?>
<!-- Generated by org.testng.reporters.JUnitReportReporter -->
<testsuite hostname="DESKTOP-PUFSV51" failures="0" tests="1" name="Ecommerce.loginApi" time="6.075" errors="0" timestamp="18 Jul 2024 16:11:59 GMT" skipped="0">
  <testcase classname="Ecommerce.loginApi" name="loginUsingAPI" time="6.075"/>
</testsuite> <!-- Ecommerce.loginApi -->
